Mon Jan 07 2019 23:14:25 GMT+0530 (India Standard Time),GET,/about
Mon Jan 07 2019 23:14:27 GMT+0530 (India Standard Time),GET,/
Mon Jan 07 2019 23:14:53 GMT+0530 (India Standard Time),GET,/
Mon Jan 07 2019 23:15:07 GMT+0530 (India Standard Time),GET,/
Mon Jan 07 2019 23:32:25 GMT+0530 (India Standard Time),GET,/
Mon Jan 07 2019 23:32:44 GMT+0530 (India Standard Time),GET,/about
Mon Jan 07 2019 23:32:59 GMT+0530 (India Standard Time),GET,/fajsl
Mon Jan 07 2019 23:34:03 GMT+0530 (India Standard Time),GET,/bad
Mon Jan 07 2019 23:34:24 GMT+0530 (India Standard Time),GET,/help
Mon Jan 07 2019 23:35:48 GMT+0530 (India Standard Time),GET,/help.html
Mon Jan 07 2019 23:37:27 GMT+0530 (India Standard Time),GET,/help.html
Mon Jan 07 2019 23:37:35 GMT+0530 (India Standard Time),GET,/help.html
Mon Jan 07 2019 23:37:35 GMT+0530 (India Standard Time),GET,/favicon.ico
Mon Jan 07 2019 23:38:13 GMT+0530 (India Standard Time),GET,/
Mon Jan 07 2019 23:38:21 GMT+0530 (India Standard Time),GET,/
Mon Jan 07 2019 23:38:21 GMT+0530 (India Standard Time),GET,/favicon.ico
Mon Jan 07 2019 23:38:31 GMT+0530 (India Standard Time),GET,/
Mon Jan 07 2019 23:38:31 GMT+0530 (India Standard Time),GET,/favicon.ico
Mon Jan 07 2019 23:40:03 GMT+0530 (India Standard Time),GET,/
Mon Jan 07 2019 23:40:04 GMT+0530 (India Standard Time),GET,/favicon.ico
Mon Jan 07 2019 23:40:06 GMT+0530 (India Standard Time),GET,/
Mon Jan 07 2019 23:40:12 GMT+0530 (India Standard Time),GET,/about
Mon Jan 07 2019 23:40:44 GMT+0530 (India Standard Time),GET,/about
Mon Jan 07 2019 23:40:58 GMT+0530 (India Standard Time),GET,/about
Mon Jan 07 2019 23:40:59 GMT+0530 (India Standard Time),GET,/favicon.ico
